# JRE version: Java(TM) SE Runtime Environment (8.0_45-b15) (build 1.8.0_45-b15)
# Java VM: Java HotSpot(TM) 64-Bit Server VM (25.45-b02 mixed mode windows-amd64 compressed oops)
Heap:
 PSYoungGen      total 60416K, used 13427K [0x000000078b380000, 0x0000000790480000, 0x00000007c0000000)
  eden space 39936K, 29% used [0x000000078b380000,0x000000078bee0f78,0x000000078da80000)
  from space 20480K, 8% used [0x000000078f080000,0x000000078f23c010,0x0000000790480000)
  to   space 21504K, 0% used [0x000000078da80000,0x000000078da80000,0x000000078ef80000)
 ParOldGen       total 64512K, used 9273K [0x0000000721a00000, 0x0000000725900000, 0x000000078b380000)
  object space 64512K, 14% used [0x0000000721a00000,0x000000072230e7a8,0x0000000725900000)
 Metaspace       used 21449K, capacity 21714K, committed 22016K, reserved 1069056K
  class space    used 2693K, capacity 2779K, committed 2816K, reserved 1048576K
GC Heap History (10 events):
Event: 38.441 GC heap before
{Heap before GC invocations=3 (full 1):
 PSYoungGen      total 47616K, used 6654K [0x000000078b380000, 0x000000078e880000, 0x00000007c0000000)
  eden space 40960K, 0% used [0x000000078b380000,0x000000078b380000,0x000000078db80000)
  from space 6656K, 99% used [0x000000078e200000,0x000000078e87fae0,0x000000078e880000)
  to   space 6656K, 0% used [0x000000078db80000,0x000000078db80000,0x000000078e200000)
 ParOldGen       total 109568K, used 17064K [0x0000000721a00000, 0x0000000728500000, 0x000000078b380000)
  object space 109568K, 15% used [0x0000000721a00000,0x0000000722aaa300,0x0000000728500000)
 Metaspace       used 20845K, capacity 21056K, committed 21248K, reserved 1067008K
  class space    used 2682K, capacity 2776K, committed 2816K, reserved 1048576K
Event: 38.487 GC heap after
Heap after GC invocations=3 (full 1):
 PSYoungGen      total 47616K, used 0K [0x000000078b380000, 0x000000078e880000, 0x00000007c0000000)
  eden space 40960K, 0% used [0x000000078b380000,0x000000078b380000,0x000000078db80000)
  from space 6656K, 0% used [0x000000078e200000,0x000000078e200000,0x000000078e880000)
  to   space 6656K, 0% used [0x000000078db80000,0x000000078db80000,0x000000078e200000)
 ParOldGen       total 64512K, used 9249K [0x0000000721a00000, 0x0000000725900000, 0x000000078b380000)
  object space 64512K, 14% used [0x0000000721a00000,0x00000007223087a8,0x0000000725900000)
 Metaspace       used 20845K, capacity 21056K, committed 21248K, reserved 1067008K
  class space    used 2682K, capacity 2776K, committed 2816K, reserved 1048576K
}
Event: 164.991 GC heap before
{Heap before GC invocations=4 (full 1):
 PSYoungGen      total 47616K, used 40960K [0x000000078b380000, 0x000000078e880000, 0x00000007c0000000)
  eden space 40960K, 100% used [0x000000078b380000,0x000000078db80000,0x000000078db80000)
  from space 6656K, 0% used [0x000000078e200000,0x000000078e200000,0x000000078e880000)
  to   space 6656K, 0% used [0x000000078db80000,0x000000078db80000,0x000000078e200000)
 ParOldGen       total 64512K, used 9249K [0x0000000721a00000, 0x0000000725900000, 0x000000078b380000)
  object space 64512K, 14% used [0x0000000721a00000,0x00000007223087a8,0x0000000725900000)
 Metaspace       used 21238K, capacity 21512K, committed 21760K, reserved 1069056K
  class space    used 2684K, capacity 2776K, committed 2816K, reserved 1048576K
Event: 164.997 GC heap after
Heap after GC invocations=4 (full 1):
 PSYoungGen      total 47616K, used 4304K [0x000000078b380000, 0x000000078e880000, 0x00000007c0000000)
  eden space 40960K, 0% used [0x000000078b380000,0x000000078b380000,0x000000078db80000)
  from space 6656K, 64% used [0x000000078db80000,0x000000078dfb4010,0x000000078e200000)
  to   space 6656K, 0% used [0x000000078e200000,0x000000078e200000,0x000000078e880000)
 ParOldGen       total 64512K, used 9257K [0x0000000721a00000, 0x0000000725900000, 0x000000078b380000)
  object space 64512K, 14% used [0x0000000721a00000,0x000000072230a7a8,0x0000000725900000)
 Metaspace       used 21238K, capacity 21512K, committed 21760K, reserved 1069056K
  class space    used 2684K, capacity 2776K, committed 2816K, reserved 1048576K
}
Event: 226.135 GC heap before
{Heap before GC invocations=5 (full 1):
 PSYoungGen      total 47616K, used 45264K [0x000000078b380000, 0x000000078e880000, 0x00000007c0000000)
  eden space 40960K, 100% used [0x000000078b380000,0x000000078db80000,0x000000078db80000)
  from space 6656K, 64% used [0x000000078db80000,0x000000078dfb4010,0x000000078e200000)
  to   space 6656K, 0% used [0x000000078e200000,0x000000078e200000,0x000000078e880000)
 ParOldGen       total 64512K, used 9257K [0x0000000721a00000, 0x0000000725900000, 0x000000078b380000)
  object space 64512K, 14% used [0x0000000721a00000,0x000000072230a7a8,0x0000000725900000)
 Metaspace       used 21371K, capacity 21640K, committed 22016K, reserved 1069056K
  class space    used 2689K, capacity 2776K, committed 2816K, reserved 1048576K
Event: 226.142 GC heap after
Heap after GC invocations=5 (full 1):
 PSYoungGen      total 47616K, used 4160K [0x000000078b380000, 0x000000078e880000, 0x00000007c0000000)
  eden space 40960K, 0% used [0x000000078b380000,0x000000078b380000,0x000000078db80000)
  from space 6656K, 62% used [0x000000078e200000,0x000000078e610000,0x000000078e880000)
  to   space 6656K, 0% used [0x000000078db80000,0x000000078db80000,0x000000078e200000)
 ParOldGen       total 64512K, used 9265K [0x0000000721a00000, 0x0000000725900000, 0x000000078b380000)
  object space 64512K, 14% used [0x0000000721a00000,0x000000072230c7a8,0x0000000725900000)
 Metaspace       used 21371K, capacity 21640K, committed 22016K, reserved 1069056K
  class space    used 2689K, capacity 2776K, committed 2816K, reserved 1048576K
}
Event: 310.624 GC heap before
{Heap before GC invocations=6 (full 1):
 PSYoungGen      total 47616K, used 45120K [0x000000078b380000, 0x000000078e880000, 0x00000007c0000000)
  eden space 40960K, 100% used [0x000000078b380000,0x000000078db80000,0x000000078db80000)
  from space 6656K, 62% used [0x000000078e200000,0x000000078e610000,0x000000078e880000)
  to   space 6656K, 0% used [0x000000078db80000,0x000000078db80000,0x000000078e200000)
 ParOldGen       total 64512K, used 9265K [0x0000000721a00000, 0x0000000725900000, 0x000000078b380000)
  object space 64512K, 14% used [0x0000000721a00000,0x000000072230c7a8,0x0000000725900000)
 Metaspace       used 21379K, capacity 21640K, committed 22016K, reserved 1069056K
  class space    used 2689K, capacity 2776K, committed 2816K, reserved 1048576K
Event: 310.636 GC heap after
Heap after GC invocations=6 (full 1):
 PSYoungGen      total 47104K, used 2432K [0x000000078b380000, 0x0000000790600000, 0x00000007c0000000)
  eden space 40448K, 0% used [0x000000078b380000,0x000000078b380000,0x000000078db00000)
  from space 6656K, 36% used [0x000000078db80000,0x000000078dde0000,0x000000078e200000)
  to   space 22016K, 0% used [0x000000078f080000,0x000000078f080000,0x0000000790600000)
 ParOldGen       total 64512K, used 9265K [0x0000000721a00000, 0x0000000725900000, 0x000000078b380000)
  object space 64512K, 14% used [0x0000000721a00000,0x000000072230c7a8,0x0000000725900000)
 Metaspace       used 21379K, capacity 21640K, committed 22016K, reserved 1069056K
  class space    used 2689K, capacity 2776K, committed 2816K, reserved 1048576K
}
Event: 601.275 GC heap before
{Heap before GC invocations=7 (full 1):
 PSYoungGen      total 47104K, used 41864K [0x000000078b380000, 0x0000000790600000, 0x00000007c0000000)
  eden space 40448K, 97% used [0x000000078b380000,0x000000078da02240,0x000000078db00000)
  from space 6656K, 36% used [0x000000078db80000,0x000000078dde0000,0x000000078e200000)
  to   space 22016K, 0% used [0x000000078f080000,0x000000078f080000,0x0000000790600000)
 ParOldGen       total 64512K, used 9265K [0x0000000721a00000, 0x0000000725900000, 0x000000078b380000)
  object space 64512K, 14% used [0x0000000721a00000,0x000000072230c7a8,0x0000000725900000)
 Metaspace       used 21431K, capacity 21704K, committed 22016K, reserved 1069056K
  class space    used 2691K, capacity 2776K, committed 2816K, reserved 1048576K
Event: 601.282 GC heap after
Heap after GC invocations=7 (full 1):
 PSYoungGen      total 60416K, used 1776K [0x000000078b380000, 0x0000000790480000, 0x00000007c0000000)
  eden space 39936K, 0% used [0x000000078b380000,0x000000078b380000,0x000000078da80000)
  from space 20480K, 8% used [0x000000078f080000,0x000000078f23c010,0x0000000790480000)
  to   space 21504K, 0% used [0x000000078da80000,0x000000078da80000,0x000000078ef80000)
 ParOldGen       total 64512K, used 9273K [0x0000000721a00000, 0x0000000725900000, 0x000000078b380000)
  object space 64512K, 14% used [0x0000000721a00000,0x000000072230e7a8,0x0000000725900000)
 Metaspace       used 21431K, capacity 21704K, committed 22016K, reserved 1069056K
  class space    used 2691K, capacity 2776K, committed 2816K, reserved 1048576K
}

