# JRE version: Java(TM) SE Runtime Environment (8.0_45-b14) (build 1.8.0_45-b14)
# Java VM: Java HotSpot(TM) 64-Bit Server VM (25.45-b02 mixed mode windows-amd64 compressed oops)
Heap:
 PSYoungGen      total 26624K, used 10611K [0x00000000eb380000, 0x00000000edb80000, 0x0000000100000000)
  eden space 15360K, 69% used [0x00000000eb380000,0x00000000ebddcd60,0x00000000ec280000)
  from space 11264K, 0% used [0x00000000ece80000,0x00000000ece80000,0x00000000ed980000)
  to   space 12288K, 0% used [0x00000000ec280000,0x00000000ec280000,0x00000000ece80000)
 ParOldGen       total 42496K, used 12426K [0x00000000c1a00000, 0x00000000c4380000, 0x00000000eb380000)
  object space 42496K, 29% used [0x00000000c1a00000,0x00000000c2622a08,0x00000000c4380000)
 Metaspace       used 20261K, capacity 20544K, committed 20864K, reserved 1067008K
  class space    used 2489K, capacity 2580K, committed 2688K, reserved 1048576K
GC Heap History (10 events):
Event: 1738.286 GC heap before
{Heap before GC invocations=5 (full 0):
 PSYoungGen      total 18944K, used 18912K [0x00000000eb380000, 0x00000000ec880000, 0x0000000100000000)
  eden space 16384K, 100% used [0x00000000eb380000,0x00000000ec380000,0x00000000ec380000)
  from space 2560K, 98% used [0x00000000ec600000,0x00000000ec878020,0x00000000ec880000)
  to   space 2560K, 0% used [0x00000000ec380000,0x00000000ec380000,0x00000000ec600000)
 ParOldGen       total 44032K, used 13681K [0x00000000c1a00000, 0x00000000c4500000, 0x00000000eb380000)
  object space 44032K, 31% used [0x00000000c1a00000,0x00000000c275c7c0,0x00000000c4500000)
 Metaspace       used 19768K, capacity 19982K, committed 20224K, reserved 1067008K
  class space    used 2467K, capacity 2521K, committed 2560K, reserved 1048576K
Event: 1738.293 GC heap after
Heap after GC invocations=5 (full 0):
 PSYoungGen      total 18944K, used 2528K [0x00000000eb380000, 0x00000000edb80000, 0x0000000100000000)
  eden space 16384K, 0% used [0x00000000eb380000,0x00000000eb380000,0x00000000ec380000)
  from space 2560K, 98% used [0x00000000ec380000,0x00000000ec5f8020,0x00000000ec600000)
  to   space 12288K, 0% used [0x00000000ecf80000,0x00000000ecf80000,0x00000000edb80000)
 ParOldGen       total 44032K, used 14146K [0x00000000c1a00000, 0x00000000c4500000, 0x00000000eb380000)
  object space 44032K, 32% used [0x00000000c1a00000,0x00000000c27d08a0,0x00000000c4500000)
 Metaspace       used 19768K, capacity 19982K, committed 20224K, reserved 1067008K
  class space    used 2467K, capacity 2521K, committed 2560K, reserved 1048576K
}
Event: 2059.636 GC heap before
{Heap before GC invocations=6 (full 0):
 PSYoungGen      total 18944K, used 18912K [0x00000000eb380000, 0x00000000edb80000, 0x0000000100000000)
  eden space 16384K, 100% used [0x00000000eb380000,0x00000000ec380000,0x00000000ec380000)
  from space 2560K, 98% used [0x00000000ec380000,0x00000000ec5f8020,0x00000000ec600000)
  to   space 12288K, 0% used [0x00000000ecf80000,0x00000000ecf80000,0x00000000edb80000)
 ParOldGen       total 44032K, used 14146K [0x00000000c1a00000, 0x00000000c4500000, 0x00000000eb380000)
  object space 44032K, 32% used [0x00000000c1a00000,0x00000000c27d08a0,0x00000000c4500000)
 Metaspace       used 19944K, capacity 20174K, committed 20480K, reserved 1067008K
  class space    used 2467K, capacity 2521K, committed 2560K, reserved 1048576K
Event: 2059.645 GC heap after
Heap after GC invocations=6 (full 0):
 PSYoungGen      total 27648K, used 3220K [0x00000000eb380000, 0x00000000eda80000, 0x0000000100000000)
  eden space 16384K, 0% used [0x00000000eb380000,0x00000000eb380000,0x00000000ec380000)
  from space 11264K, 28% used [0x00000000ecf80000,0x00000000ed2a52f0,0x00000000eda80000)
  to   space 11776K, 0% used [0x00000000ec380000,0x00000000ec380000,0x00000000ecf00000)
 ParOldGen       total 44032K, used 14146K [0x00000000c1a00000, 0x00000000c4500000, 0x00000000eb380000)
  object space 44032K, 32% used [0x00000000c1a00000,0x00000000c27d08a0,0x00000000c4500000)
 Metaspace       used 19944K, capacity 20174K, committed 20480K, reserved 1067008K
  class space    used 2467K, capacity 2521K, committed 2560K, reserved 1048576K
}
Event: 2136.108 GC heap before
{Heap before GC invocations=7 (full 0):
 PSYoungGen      total 27648K, used 19604K [0x00000000eb380000, 0x00000000eda80000, 0x0000000100000000)
  eden space 16384K, 100% used [0x00000000eb380000,0x00000000ec380000,0x00000000ec380000)
  from space 11264K, 28% used [0x00000000ecf80000,0x00000000ed2a52f0,0x00000000eda80000)
  to   space 11776K, 0% used [0x00000000ec380000,0x00000000ec380000,0x00000000ecf00000)
 ParOldGen       total 44032K, used 14146K [0x00000000c1a00000, 0x00000000c4500000, 0x00000000eb380000)
  object space 44032K, 32% used [0x00000000c1a00000,0x00000000c27d08a0,0x00000000c4500000)
 Metaspace       used 20180K, capacity 20430K, committed 20864K, reserved 1067008K
  class space    used 2489K, capacity 2585K, committed 2688K, reserved 1048576K
Event: 2136.116 GC heap after
Heap after GC invocations=7 (full 0):
 PSYoungGen      total 18432K, used 1780K [0x00000000eb380000, 0x00000000ed980000, 0x0000000100000000)
  eden space 16384K, 0% used [0x00000000eb380000,0x00000000eb380000,0x00000000ec380000)
  from space 2048K, 86% used [0x00000000ec380000,0x00000000ec53d2d0,0x00000000ec580000)
  to   space 11264K, 0% used [0x00000000ece80000,0x00000000ece80000,0x00000000ed980000)
 ParOldGen       total 44032K, used 15500K [0x00000000c1a00000, 0x00000000c4500000, 0x00000000eb380000)
  object space 44032K, 35% used [0x00000000c1a00000,0x00000000c29231f8,0x00000000c4500000)
 Metaspace       used 20180K, capacity 20430K, committed 20864K, reserved 1067008K
  class space    used 2489K, capacity 2585K, committed 2688K, reserved 1048576K
}
Event: 17665.784 GC heap before
{Heap before GC invocations=8 (full 0):
 PSYoungGen      total 18432K, used 18164K [0x00000000eb380000, 0x00000000ed980000, 0x0000000100000000)
  eden space 16384K, 100% used [0x00000000eb380000,0x00000000ec380000,0x00000000ec380000)
  from space 2048K, 86% used [0x00000000ec380000,0x00000000ec53d2d0,0x00000000ec580000)
  to   space 11264K, 0% used [0x00000000ece80000,0x00000000ece80000,0x00000000ed980000)
 ParOldGen       total 44032K, used 15500K [0x00000000c1a00000, 0x00000000c4500000, 0x00000000eb380000)
  object space 44032K, 35% used [0x00000000c1a00000,0x00000000c29231f8,0x00000000c4500000)
 Metaspace       used 20272K, capacity 20568K, committed 20864K, reserved 1067008K
  class space    used 2491K, capacity 2588K, committed 2688K, reserved 1048576K
Event: 17665.826 GC heap after
Heap after GC invocations=8 (full 0):
 PSYoungGen      total 26624K, used 8503K [0x00000000eb380000, 0x00000000edb80000, 0x0000000100000000)
  eden space 15360K, 0% used [0x00000000eb380000,0x00000000eb380000,0x00000000ec280000)
  from space 11264K, 75% used [0x00000000ece80000,0x00000000ed6cde10,0x00000000ed980000)
  to   space 12288K, 0% used [0x00000000ec280000,0x00000000ec280000,0x00000000ece80000)
 ParOldGen       total 44032K, used 32059K [0x00000000c1a00000, 0x00000000c4500000, 0x00000000eb380000)
  object space 44032K, 72% used [0x00000000c1a00000,0x00000000c394edd8,0x00000000c4500000)
 Metaspace       used 20272K, capacity 20568K, committed 20864K, reserved 1067008K
  class space    used 2491K, capacity 2588K, committed 2688K, reserved 1048576K
}
Event: 17665.826 GC heap before
{Heap before GC invocations=9 (full 1):
 PSYoungGen      total 26624K, used 8503K [0x00000000eb380000, 0x00000000edb80000, 0x0000000100000000)
  eden space 15360K, 0% used [0x00000000eb380000,0x00000000eb380000,0x00000000ec280000)
  from space 11264K, 75% used [0x00000000ece80000,0x00000000ed6cde10,0x00000000ed980000)
  to   space 12288K, 0% used [0x00000000ec280000,0x00000000ec280000,0x00000000ece80000)
 ParOldGen       total 44032K, used 32059K [0x00000000c1a00000, 0x00000000c4500000, 0x00000000eb380000)
  object space 44032K, 72% used [0x00000000c1a00000,0x00000000c394edd8,0x00000000c4500000)
 Metaspace       used 20272K, capacity 20568K, committed 20864K, reserved 1067008K
  class space    used 2491K, capacity 2588K, committed 2688K, reserved 1048576K
Event: 17666.048 GC heap after
Heap after GC invocations=9 (full 1):
 PSYoungGen      total 26624K, used 0K [0x00000000eb380000, 0x00000000edb80000, 0x0000000100000000)
  eden space 15360K, 0% used [0x00000000eb380000,0x00000000eb380000,0x00000000ec280000)
  from space 11264K, 0% used [0x00000000ece80000,0x00000000ece80000,0x00000000ed980000)
  to   space 12288K, 0% used [0x00000000ec280000,0x00000000ec280000,0x00000000ece80000)
 ParOldGen       total 42496K, used 12426K [0x00000000c1a00000, 0x00000000c4380000, 0x00000000eb380000)
  object space 42496K, 29% used [0x00000000c1a00000,0x00000000c2622a08,0x00000000c4380000)
 Metaspace       used 20257K, capacity 20544K, committed 20864K, reserved 1067008K
  class space    used 2487K, capacity 2580K, committed 2688K, reserved 1048576K
}

